#-----------------------------------------------------------
# Vivado v2019.1 (64-bit)
# SW Build 2552052 on Fri May 24 14:49:42 MDT 2019
# IP Build 2548770 on Fri May 24 18:01:18 MDT 2019
# Start of session at: Sat Jun 12 21:21:38 2021
# Process ID: 272
# Current directory: D:/Documents/Vivado/Processor/MIPS Segmentado
# Command line: vivado.exe -gui_launcher_event rodinguilauncherevent16744 D:\Documents\Vivado\Processor\MIPS Segmentado\MIPS Segmentado.xpr
# Log file: D:/Documents/Vivado/Processor/MIPS Segmentado/vivado.log
# Journal file: D:/Documents/Vivado/Processor/MIPS Segmentado\vivado.jou
#-----------------------------------------------------------
start_gui
open_project {D:/Documents/Vivado/Processor/MIPS Segmentado/MIPS Segmentado.xpr}
Scanning sources...
Finished scanning sources
INFO: [IP_Flow 19-234] Refreshing IP repositories
INFO: [IP_Flow 19-1704] No user IP repositories specified
INFO: [IP_Flow 19-2313] Loaded Vivado IP repository 'D:/Vivado/Vivado/2019.1/data/ip'.
open_project: Time (s): cpu = 00:00:21 ; elapsed = 00:00:09 . Memory (MB): peak = 658.582 ; gain = 59.391
update_compile_order -fileset sources_1
exit
INFO: [Common 17-206] Exiting Vivado at Sat Jun 12 22:00:16 2021...
