#-----------------------------------------------------------
# Vivado v2019.1 (64-bit)
# SW Build 2552052 on Fri May 24 14:49:42 MDT 2019
# IP Build 2548770 on Fri May 24 18:01:18 MDT 2019
# Start of session at: Sat Jun 12 16:33:45 2021
# Process ID: 14560
# Current directory: D:/Documents/Vivado/Processor/MIPS Segmentado
# Command line: vivado.exe -gui_launcher_event rodinguilauncherevent12208 D:\Documents\Vivado\Processor\MIPS Segmentado\MIPS Segmentado.xpr
# Log file: D:/Documents/Vivado/Processor/MIPS Segmentado/vivado.log
# Journal file: D:/Documents/Vivado/Processor/MIPS Segmentado\vivado.jou
#-----------------------------------------------------------
start_gui
open_project {D:/Documents/Vivado/Processor/MIPS Segmentado/MIPS Segmentado.xpr}
Scanning sources...
Finished scanning sources
INFO: [IP_Flow 19-234] Refreshing IP repositories
INFO: [IP_Flow 19-1704] No user IP repositories specified
INFO: [IP_Flow 19-2313] Loaded Vivado IP repository 'D:/Vivado/Vivado/2019.1/data/ip'.
open_project: Time (s): cpu = 00:00:27 ; elapsed = 00:00:27 . Memory (MB): peak = 624.789 ; gain = 50.824
launch_simulation
INFO: [Vivado 12-5682] Launching behavioral simulation in 'D:/Documents/Vivado/Processor/MIPS Segmentado/MIPS Segmentado.sim/sim_1/behav/xsim'
INFO: [SIM-utils-51] Simulation object is 'sim_1'
INFO: [SIM-utils-54] Inspecting design source files for 'testbench_for_procesador' in fileset 'sim_1'...
INFO: [USF-XSim-97] Finding global include files...
INFO: [USF-XSim-98] Fetching design files from 'sim_1'...
INFO: [USF-XSim-2] XSim::Compile design
INFO: [USF-XSim-61] Executing 'COMPILE and ANALYZE' step in 'D:/Documents/Vivado/Processor/MIPS Segmentado/MIPS Segmentado.sim/sim_1/behav/xsim'
"xvhdl --incr --relax -prj testbench_for_procesador_vhdl.prj"
INFO: [VRFC 10-163] Analyzing VHDL file "D:/Documents/Vivado/Processor/MIPS Segmentado/MIPS Segmentado.srcs/sources_1/imports/new/P1X.vhd" into library xil_defaultlib
INFO: [VRFC 10-3107] analyzing entity 'P1c'
INFO: [VRFC 10-163] Analyzing VHDL file "D:/Documents/Vivado/Processor/MIPS Segmentado/MIPS Segmentado.srcs/sources_1/imports/new/P1d.vhd" into library xil_defaultlib
INFO: [VRFC 10-3107] analyzing entity 'p1d'
INFO: [VRFC 10-163] Analyzing VHDL file "D:/Documents/Vivado/Processor/MIPS Segmentado/MIPS Segmentado.srcs/sources_1/imports/LabMaterial/memory.vhd" into library xil_defaultlib
INFO: [VRFC 10-3107] analyzing entity 'memory'
INFO: [VRFC 10-163] Analyzing VHDL file "D:/Documents/Vivado/Processor/MIPS Segmentado/MIPS Segmentado.srcs/sources_1/imports/LabMaterial/processor.vhd" into library xil_defaultlib
INFO: [VRFC 10-3107] analyzing entity 'processor'
INFO: [VRFC 10-163] Analyzing VHDL file "D:/Documents/Vivado/Processor/MIPS Segmentado/MIPS Segmentado.srcs/sources_1/imports/LabMaterial/processor_tb.vhd" into library xil_defaultlib
INFO: [VRFC 10-3107] analyzing entity 'processor_tb'
run_program: Time (s): cpu = 00:00:02 ; elapsed = 00:00:06 . Memory (MB): peak = 641.543 ; gain = 0.000
INFO: [USF-XSim-69] 'compile' step finished in '6' seconds
INFO: [USF-XSim-3] XSim::Elaborate design
INFO: [USF-XSim-61] Executing 'ELABORATE' step in 'D:/Documents/Vivado/Processor/MIPS Segmentado/MIPS Segmentado.sim/sim_1/behav/xsim'
"xelab -wto 5fe3811003714c2b92fc20d7d09f7425 --incr --debug typical --relax --mt 2 -L xil_defaultlib -L secureip --snapshot testbench_for_procesador_behav xil_defaultlib.testbench_for_procesador -log elaborate.log"
Vivado Simulator 2019.1
Copyright 1986-1999, 2001-2019 Xilinx, Inc. All Rights Reserved.
Running: D:/Vivado/Vivado/2019.1/bin/unwrapped/win64.o/xelab.exe -wto 5fe3811003714c2b92fc20d7d09f7425 --incr --debug typical --relax --mt 2 -L xil_defaultlib -L secureip --snapshot testbench_for_procesador_behav xil_defaultlib.testbench_for_procesador -log elaborate.log 
Using 2 slave threads.
Starting static elaboration
ERROR: [VRFC 10-3114] architecture 'processor' not found in entity 'processor' [D:/Documents/Vivado/Processor/MIPS Segmentado/MIPS Segmentado.srcs/sources_1/imports/LabMaterial/processor_tb.vhd:88]
ERROR: [XSIM 43-3321] Static elaboration of top level VHDL design unit testbench_for_procesador in library work failed.
run_program: Time (s): cpu = 00:00:02 ; elapsed = 00:00:06 . Memory (MB): peak = 641.543 ; gain = 0.000
INFO: [USF-XSim-69] 'elaborate' step finished in '6' seconds
INFO: [USF-XSim-99] Step results log file:'D:/Documents/Vivado/Processor/MIPS Segmentado/MIPS Segmentado.sim/sim_1/behav/xsim/elaborate.log'
ERROR: [USF-XSim-62] 'elaborate' step failed with error(s). Please check the Tcl console output or 'D:/Documents/Vivado/Processor/MIPS Segmentado/MIPS Segmentado.sim/sim_1/behav/xsim/elaborate.log' file for more information.
ERROR: [Vivado 12-4473] Detected error while running simulation. Please correct the issue and retry this operation.
launch_simulation: Time (s): cpu = 00:00:08 ; elapsed = 00:00:15 . Memory (MB): peak = 654.004 ; gain = 20.055
ERROR: [Common 17-39] 'launch_simulation' failed due to earlier errors.
update_compile_order -fileset sources_1
launch_simulation
INFO: [Vivado 12-5682] Launching behavioral simulation in 'D:/Documents/Vivado/Processor/MIPS Segmentado/MIPS Segmentado.sim/sim_1/behav/xsim'
INFO: [SIM-utils-51] Simulation object is 'sim_1'
INFO: [SIM-utils-54] Inspecting design source files for 'processor_tb' in fileset 'sim_1'...
INFO: [USF-XSim-97] Finding global include files...
INFO: [USF-XSim-98] Fetching design files from 'sim_1'...
INFO: [USF-XSim-2] XSim::Compile design
INFO: [USF-XSim-61] Executing 'COMPILE and ANALYZE' step in 'D:/Documents/Vivado/Processor/MIPS Segmentado/MIPS Segmentado.sim/sim_1/behav/xsim'
"xvhdl --incr --relax -prj processor_tb_vhdl.prj"
INFO: [VRFC 10-163] Analyzing VHDL file "D:/Documents/Vivado/Processor/MIPS Segmentado/MIPS Segmentado.srcs/sources_1/imports/LabMaterial/processor_tb.vhd" into library xil_defaultlib
INFO: [VRFC 10-3107] analyzing entity 'processor_tb'
INFO: [USF-XSim-69] 'compile' step finished in '3' seconds
INFO: [USF-XSim-3] XSim::Elaborate design
INFO: [USF-XSim-61] Executing 'ELABORATE' step in 'D:/Documents/Vivado/Processor/MIPS Segmentado/MIPS Segmentado.sim/sim_1/behav/xsim'
"xelab -wto 5fe3811003714c2b92fc20d7d09f7425 --incr --debug typical --relax --mt 2 -L xil_defaultlib -L secureip --snapshot processor_tb_behav xil_defaultlib.processor_tb -log elaborate.log"
Vivado Simulator 2019.1
Copyright 1986-1999, 2001-2019 Xilinx, Inc. All Rights Reserved.
Running: D:/Vivado/Vivado/2019.1/bin/unwrapped/win64.o/xelab.exe -wto 5fe3811003714c2b92fc20d7d09f7425 --incr --debug typical --relax --mt 2 -L xil_defaultlib -L secureip --snapshot processor_tb_behav xil_defaultlib.processor_tb -log elaborate.log 
Using 2 slave threads.
Starting static elaboration
ERROR: [VRFC 10-2335] case statement does not cover all choices. 'others' clause is needed [D:/Documents/Vivado/Processor/MIPS Segmentado/MIPS Segmentado.srcs/sources_1/imports/LabMaterial/processor.vhd:187]
ERROR: [XSIM 43-3321] Static elaboration of top level VHDL design unit processor_tb in library work failed.
INFO: [USF-XSim-69] 'elaborate' step finished in '3' seconds
INFO: [USF-XSim-99] Step results log file:'D:/Documents/Vivado/Processor/MIPS Segmentado/MIPS Segmentado.sim/sim_1/behav/xsim/elaborate.log'
ERROR: [USF-XSim-62] 'elaborate' step failed with error(s). Please check the Tcl console output or 'D:/Documents/Vivado/Processor/MIPS Segmentado/MIPS Segmentado.sim/sim_1/behav/xsim/elaborate.log' file for more information.
ERROR: [Vivado 12-4473] Detected error while running simulation. Please correct the issue and retry this operation.
launch_simulation: Time (s): cpu = 00:00:01 ; elapsed = 00:00:07 . Memory (MB): peak = 681.137 ; gain = 0.000
ERROR: [Common 17-39] 'launch_simulation' failed due to earlier errors.
launch_simulation
INFO: [Vivado 12-5682] Launching behavioral simulation in 'D:/Documents/Vivado/Processor/MIPS Segmentado/MIPS Segmentado.sim/sim_1/behav/xsim'
INFO: [SIM-utils-51] Simulation object is 'sim_1'
INFO: [SIM-utils-54] Inspecting design source files for 'processor_tb' in fileset 'sim_1'...
INFO: [USF-XSim-97] Finding global include files...
INFO: [USF-XSim-98] Fetching design files from 'sim_1'...
INFO: [USF-XSim-2] XSim::Compile design
INFO: [USF-XSim-61] Executing 'COMPILE and ANALYZE' step in 'D:/Documents/Vivado/Processor/MIPS Segmentado/MIPS Segmentado.sim/sim_1/behav/xsim'
"xvhdl --incr --relax -prj processor_tb_vhdl.prj"
INFO: [VRFC 10-163] Analyzing VHDL file "D:/Documents/Vivado/Processor/MIPS Segmentado/MIPS Segmentado.srcs/sources_1/imports/LabMaterial/processor.vhd" into library xil_defaultlib
INFO: [VRFC 10-3107] analyzing entity 'processor'
INFO: [VRFC 10-163] Analyzing VHDL file "D:/Documents/Vivado/Processor/MIPS Segmentado/MIPS Segmentado.srcs/sources_1/imports/LabMaterial/processor_tb.vhd" into library xil_defaultlib
INFO: [VRFC 10-3107] analyzing entity 'processor_tb'
INFO: [USF-XSim-69] 'compile' step finished in '3' seconds
INFO: [USF-XSim-3] XSim::Elaborate design
INFO: [USF-XSim-61] Executing 'ELABORATE' step in 'D:/Documents/Vivado/Processor/MIPS Segmentado/MIPS Segmentado.sim/sim_1/behav/xsim'
"xelab -wto 5fe3811003714c2b92fc20d7d09f7425 --incr --debug typical --relax --mt 2 -L xil_defaultlib -L secureip --snapshot processor_tb_behav xil_defaultlib.processor_tb -log elaborate.log"
Vivado Simulator 2019.1
Copyright 1986-1999, 2001-2019 Xilinx, Inc. All Rights Reserved.
Running: D:/Vivado/Vivado/2019.1/bin/unwrapped/win64.o/xelab.exe -wto 5fe3811003714c2b92fc20d7d09f7425 --incr --debug typical --relax --mt 2 -L xil_defaultlib -L secureip --snapshot processor_tb_behav xil_defaultlib.processor_tb -log elaborate.log 
Using 2 slave threads.
Starting static elaboration
Completed static elaboration
Starting simulation data flow analysis
Completed simulation data flow analysis
Time Resolution for simulation is 1ps
Compiling package std.standard
Compiling package std.textio
Compiling package ieee.std_logic_1164
Compiling package ieee.std_logic_arith
Compiling package ieee.std_logic_unsigned
Compiling package ieee.std_logic_signed
Compiling package ieee.std_logic_textio
Compiling architecture behavioral of entity xil_defaultlib.p1d [p1d_default]
Compiling architecture behavioral of entity xil_defaultlib.P1c [p1c_default]
Compiling architecture processor_arq of entity xil_defaultlib.processor [processor_default]
Compiling architecture mem_arq of entity xil_defaultlib.memory [\memory(c_elf_filename="Program1...]
Compiling architecture mem_arq of entity xil_defaultlib.memory [\memory(c_elf_filename="data")(1...]
Compiling architecture processor_tb_arq of entity xil_defaultlib.processor_tb
Built simulation snapshot processor_tb_behav

****** Webtalk v2019.1 (64-bit)
  **** SW Build 2552052 on Fri May 24 14:49:42 MDT 2019
  **** IP Build 2548770 on Fri May 24 18:01:18 MDT 2019
    ** Copyright 1986-2019 Xilinx, Inc. All Rights Reserved.

source D:/Documents/Vivado/Processor/MIPS -notrace
couldn't read file "D:/Documents/Vivado/Processor/MIPS": no such file or directory
INFO: [Common 17-206] Exiting Webtalk at Sat Jun 12 16:42:30 2021...
run_program: Time (s): cpu = 00:00:00 ; elapsed = 00:00:15 . Memory (MB): peak = 699.793 ; gain = 0.000
INFO: [USF-XSim-69] 'elaborate' step finished in '15' seconds
INFO: [USF-XSim-4] XSim::Simulate design
INFO: [USF-XSim-61] Executing 'SIMULATE' step in 'D:/Documents/Vivado/Processor/MIPS Segmentado/MIPS Segmentado.sim/sim_1/behav/xsim'
INFO: [USF-XSim-98] *** Running xsim
   with args "processor_tb_behav -key {Behavioral:sim_1:Functional:processor_tb} -tclbatch {processor_tb.tcl} -log {simulate.log}"
INFO: [USF-XSim-8] Loading simulator feature
Vivado Simulator 2019.1
ERROR: File Program1 could not be opened
on HDL file D:/Documents/Vivado/Processor/MIPS Segmentado/MIPS Segmentado.srcs/sources_1/imports/LabMaterial/memory.vhd line 41
ERROR: [Simtcl 6-50] Simulation engine failed to start: The Simulation shut down unexpectedly during initialization.
Please see the Tcl Console or the Messages for details.

ERROR: [USF-XSim-62] 'simulate' step failed with errors. Please check the Tcl console or log files for more information.
ERROR: [Vivado 12-4473] Detected error while running simulation. Please correct the issue and retry this operation.
launch_simulation: Time (s): cpu = 00:00:02 ; elapsed = 00:00:21 . Memory (MB): peak = 700.223 ; gain = 0.430
ERROR: [Common 17-39] 'launch_simulation' failed due to earlier errors.
exit
INFO: [Common 17-206] Exiting Vivado at Sat Jun 12 16:46:06 2021...
